<?xml version="1.0" encoding="UTF-8"?>
<testng-results skipped="0" failed="1" total="2" passed="1">
  <reporter-output>
  </reporter-output>
  <suite name="Default suite" duration-ms="18922" started-at="2017-03-11T04:35:08Z" finished-at="2017-03-11T04:35:27Z">
    <groups>
    </groups>
    <test name="Default test" duration-ms="18922" started-at="2017-03-11T04:35:08Z" finished-at="2017-03-11T04:35:27Z">
      <class name="com.xyz.RegisterTest">
        <test-method status="PASS" signature="fillRegistrationDetails()[pri:0, instance:com.xyz.RegisterTest@ae45eb6]" name="fillRegistrationDetails" duration-ms="12198" started-at="2017-03-11T10:05:08Z" finished-at="2017-03-11T10:05:20Z">
          <reporter-output>
          </reporter-output>
        </test-method> <!-- fillRegistrationDetails -->
        <test-method status="FAIL" signature="validateRegisterPage()[pri:0, instance:com.xyz.RegisterTest@ae45eb6]" name="validateRegisterPage" duration-ms="6691" started-at="2017-03-11T10:05:20Z" finished-at="2017-03-11T10:05:27Z">
          <exception class="junit.framework.ComparisonFailure">
            <message>
              <![CDATA[expected:<Sur[]Name:> but was:<Sur[ ]Name:>]]>
            </message>
            <full-stacktrace>
              <![CDATA[junit.framework.ComparisonFailure: expected:<Sur[]Name:> but was:<Sur[ ]Name:>
	at junit.framework.Assert.assertEquals(Assert.java:85)
	at junit.framework.Assert.assertEquals(Assert.java:91)
	at com.xyz.MyRegisterPage.validateRegisterPage(MyRegisterPage.java:116)
	at com.xyz.RegisterTest.validateRegisterPage(RegisterTest.java:16)
	at sun.reflect.NativeMethodAccessorImpl.invoke0(Native Method)
	at sun.reflect.NativeMethodAccessorImpl.invoke(NativeMethodAccessorImpl.java:62)
	at sun.reflect.DelegatingMethodAccessorImpl.invoke(DelegatingMethodAccessorImpl.java:43)
	at java.lang.reflect.Method.invoke(Method.java:498)
	at org.testng.internal.MethodInvocationHelper.invokeMethod(MethodInvocationHelper.java:85)
	at org.testng.internal.Invoker.invokeMethod(Invoker.java:639)
	at org.testng.internal.Invoker.invokeTestMethod(Invoker.java:816)
	at org.testng.internal.Invoker.invokeTestMethods(Invoker.java:1124)
	at org.testng.internal.TestMethodWorker.invokeTestMethods(TestMethodWorker.java:125)
	at org.testng.internal.TestMethodWorker.run(TestMethodWorker.java:108)
	at org.testng.TestRunner.privateRun(TestRunner.java:774)
	at org.testng.TestRunner.run(TestRunner.java:624)
	at org.testng.SuiteRunner.runTest(SuiteRunner.java:359)
	at org.testng.SuiteRunner.runSequentially(SuiteRunner.java:354)
	at org.testng.SuiteRunner.privateRun(SuiteRunner.java:312)
	at org.testng.SuiteRunner.run(SuiteRunner.java:261)
	at org.testng.SuiteRunnerWorker.runSuite(SuiteRunnerWorker.java:52)
	at org.testng.SuiteRunnerWorker.run(SuiteRunnerWorker.java:86)
	at org.testng.TestNG.runSuitesSequentially(TestNG.java:1215)
	at org.testng.TestNG.runSuitesLocally(TestNG.java:1140)
	at org.testng.TestNG.run(TestNG.java:1048)
	at org.testng.remote.AbstractRemoteTestNG.run(AbstractRemoteTestNG.java:132)
	at org.testng.remote.RemoteTestNG.initAndRun(RemoteTestNG.java:230)
	at org.testng.remote.RemoteTestNG.main(RemoteTestNG.java:76)
]]>
            </full-stacktrace>
          </exception> <!-- junit.framework.ComparisonFailure -->
          <reporter-output>
          </reporter-output>
        </test-method> <!-- validateRegisterPage -->
      </class> <!-- com.xyz.RegisterTest -->
    </test> <!-- Default test -->
  </suite> <!-- Default suite -->
</testng-results>
